sql [2023-04-06 23:45:36] [DEBUG]: Executing (default): CREATE TABLE IF NOT EXISTS `t_users` (`id` INTEGER NOT NULL auto_increment , `uId` VARCHAR(30) NOT NULL, `account` VARCHAR(11) NOT NULL, `pwd` VARCHAR(16) NOT NULL, `trade_pwd` VARCHAR(6), `address` VARCHAR(42) NOT NULL, `isSign` TINYINT(1) NOT NULL, `invite_code` VARCHAR(10) NOT NULL, `higher_level` VARCHAR(42), `veri_code` VARCHAR(6), `createdAt` DATETIME NOT NULL, `updatedAt` DATETIME NOT NULL, `deletedAt` DATETIME, PRIMARY KEY (`id`)) ENGINE=InnoDB;

sql [2023-04-06 23:45:37] [DEBUG]: Executing (default): SHOW FULL COLUMNS FROM `t_users`;

sql [2023-04-06 23:45:37] [DEBUG]: Executing (default): SELECT CONSTRAINT_NAME as constraint_name,CONSTRAINT_NAME as constraintName,CONSTRAINT_SCHEMA as constraintSchema,CONSTRAINT_SCHEMA as constraintCatalog,TABLE_NAME as tableName,TABLE_SCHEMA as tableSchema,TABLE_SCHEMA as tableCatalog,COLUMN_NAME as columnName,REFERENCED_TABLE_SCHEMA as referencedTableSchema,REFERENCED_TABLE_SCHEMA as referencedTableCatalog,REFERENCED_TABLE_NAME as referencedTableName,REFERENCED_COLUMN_NAME as referencedColumnName FROM INFORMATION_SCHEMA.KEY_COLUMN_USAGE where TABLE_NAME = 't_users' AND CONSTRAINT_NAME!='PRIMARY' AND CONSTRAINT_SCHEMA='digitalCollection' AND REFERENCED_TABLE_NAME IS NOT NULL;

sql [2023-04-06 23:45:38] [DEBUG]: Executing (default): ALTER TABLE `t_users` CHANGE `uId` `uId` VARCHAR(30) NOT NULL;

sql [2023-04-06 23:45:38] [DEBUG]: Executing (default): ALTER TABLE `t_users` CHANGE `account` `account` VARCHAR(11) NOT NULL;

sql [2023-04-06 23:45:38] [DEBUG]: Executing (default): ALTER TABLE `t_users` CHANGE `pwd` `pwd` VARCHAR(16) NOT NULL;

sql [2023-04-06 23:45:38] [DEBUG]: Executing (default): ALTER TABLE `t_users` CHANGE `trade_pwd` `trade_pwd` VARCHAR(6);

sql [2023-04-06 23:45:38] [DEBUG]: Executing (default): ALTER TABLE `t_users` CHANGE `address` `address` VARCHAR(42) NOT NULL;

sql [2023-04-06 23:45:39] [DEBUG]: Executing (default): ALTER TABLE `t_users` CHANGE `isSign` `isSign` TINYINT(1) NOT NULL;

sql [2023-04-06 23:45:39] [DEBUG]: Executing (default): ALTER TABLE `t_users` CHANGE `invite_code` `invite_code` VARCHAR(10) NOT NULL;

sql [2023-04-06 23:45:39] [DEBUG]: Executing (default): ALTER TABLE `t_users` CHANGE `higher_level` `higher_level` VARCHAR(42);

sql [2023-04-06 23:45:39] [DEBUG]: Executing (default): ALTER TABLE `t_users` CHANGE `veri_code` `veri_code` VARCHAR(6);

sql [2023-04-06 23:45:39] [DEBUG]: Executing (default): ALTER TABLE `t_users` CHANGE `createdAt` `createdAt` DATETIME NOT NULL;

sql [2023-04-06 23:45:39] [DEBUG]: Executing (default): ALTER TABLE `t_users` CHANGE `updatedAt` `updatedAt` DATETIME NOT NULL;

sql [2023-04-06 23:45:39] [DEBUG]: Executing (default): ALTER TABLE `t_users` CHANGE `deletedAt` `deletedAt` DATETIME;

sql [2023-04-06 23:45:39] [DEBUG]: Executing (default): SHOW INDEX FROM `t_users`

sql [2023-04-06 23:45:39] [DEBUG]: Executing (default): CREATE TABLE IF NOT EXISTS `t_realnames` (`id` INTEGER NOT NULL auto_increment , `username` VARCHAR(20) NOT NULL, `IDCard` VARCHAR(30) NOT NULL, `createdAt` DATETIME NOT NULL, `updatedAt` DATETIME NOT NULL, `deletedAt` DATETIME, `tUserId` INTEGER, `uId` INTEGER, PRIMARY KEY (`id`), FOREIGN KEY (`tUserId`) REFERENCES `t_users` (`id`) ON DELETE SET NULL ON UPDATE CASCADE, FOREIGN KEY (`uId`) REFERENCES `t_users` (`id`) ON DELETE SET NULL ON UPDATE CASCADE) ENGINE=InnoDB;

sql [2023-04-06 23:45:40] [DEBUG]: Executing (default): SHOW FULL COLUMNS FROM `t_realnames`;

sql [2023-04-06 23:45:40] [DEBUG]: Executing (default): SELECT CONSTRAINT_NAME as constraint_name,CONSTRAINT_NAME as constraintName,CONSTRAINT_SCHEMA as constraintSchema,CONSTRAINT_SCHEMA as constraintCatalog,TABLE_NAME as tableName,TABLE_SCHEMA as tableSchema,TABLE_SCHEMA as tableCatalog,COLUMN_NAME as columnName,REFERENCED_TABLE_SCHEMA as referencedTableSchema,REFERENCED_TABLE_SCHEMA as referencedTableCatalog,REFERENCED_TABLE_NAME as referencedTableName,REFERENCED_COLUMN_NAME as referencedColumnName FROM INFORMATION_SCHEMA.KEY_COLUMN_USAGE where TABLE_NAME = 't_realnames' AND CONSTRAINT_NAME!='PRIMARY' AND CONSTRAINT_SCHEMA='digitalCollection' AND REFERENCED_TABLE_NAME IS NOT NULL;

sql [2023-04-06 23:45:40] [DEBUG]: Executing (default): ALTER TABLE `t_realnames` CHANGE `username` `username` VARCHAR(20) NOT NULL;

sql [2023-04-06 23:45:40] [DEBUG]: Executing (default): ALTER TABLE `t_realnames` CHANGE `IDCard` `IDCard` VARCHAR(30) NOT NULL;

sql [2023-04-06 23:45:40] [DEBUG]: Executing (default): ALTER TABLE `t_realnames` CHANGE `createdAt` `createdAt` DATETIME NOT NULL;

sql [2023-04-06 23:45:40] [DEBUG]: Executing (default): ALTER TABLE `t_realnames` CHANGE `updatedAt` `updatedAt` DATETIME NOT NULL;

sql [2023-04-06 23:45:40] [DEBUG]: Executing (default): ALTER TABLE `t_realnames` CHANGE `deletedAt` `deletedAt` DATETIME;

sql [2023-04-06 23:45:41] [DEBUG]: Executing (default): ALTER TABLE `t_realnames` ADD FOREIGN KEY (`tUserId`) REFERENCES `t_users` (`id`) ON DELETE SET NULL ON UPDATE CASCADE;

sql [2023-04-06 23:45:42] [DEBUG]: Executing (default): ALTER TABLE `t_realnames` ADD FOREIGN KEY (`uId`) REFERENCES `t_users` (`id`) ON DELETE SET NULL ON UPDATE CASCADE;

sql [2023-04-06 23:45:43] [DEBUG]: Executing (default): SHOW INDEX FROM `t_realnames`

sql [2023-04-06 23:45:43] [DEBUG]: Executing (default): CREATE TABLE IF NOT EXISTS `t_points` (`id` INTEGER NOT NULL auto_increment , `points` INTEGER NOT NULL, `sign_time` DATETIME NOT NULL, `createdAt` DATETIME NOT NULL, `updatedAt` DATETIME NOT NULL, `deletedAt` DATETIME, `tUserId` INTEGER, `uId` INTEGER, PRIMARY KEY (`id`), FOREIGN KEY (`tUserId`) REFERENCES `t_users` (`id`) ON DELETE SET NULL ON UPDATE CASCADE, FOREIGN KEY (`uId`) REFERENCES `t_users` (`id`) ON DELETE SET NULL ON UPDATE CASCADE) ENGINE=InnoDB;

sql [2023-04-06 23:45:43] [DEBUG]: Executing (default): SHOW FULL COLUMNS FROM `t_points`;

sql [2023-04-06 23:45:43] [DEBUG]: Executing (default): SELECT CONSTRAINT_NAME as constraint_name,CONSTRAINT_NAME as constraintName,CONSTRAINT_SCHEMA as constraintSchema,CONSTRAINT_SCHEMA as constraintCatalog,TABLE_NAME as tableName,TABLE_SCHEMA as tableSchema,TABLE_SCHEMA as tableCatalog,COLUMN_NAME as columnName,REFERENCED_TABLE_SCHEMA as referencedTableSchema,REFERENCED_TABLE_SCHEMA as referencedTableCatalog,REFERENCED_TABLE_NAME as referencedTableName,REFERENCED_COLUMN_NAME as referencedColumnName FROM INFORMATION_SCHEMA.KEY_COLUMN_USAGE where TABLE_NAME = 't_points' AND CONSTRAINT_NAME!='PRIMARY' AND CONSTRAINT_SCHEMA='digitalCollection' AND REFERENCED_TABLE_NAME IS NOT NULL;

sql [2023-04-06 23:45:43] [DEBUG]: Executing (default): ALTER TABLE `t_points` CHANGE `points` `points` INTEGER NOT NULL;

sql [2023-04-06 23:45:43] [DEBUG]: Executing (default): ALTER TABLE `t_points` CHANGE `sign_time` `sign_time` DATETIME NOT NULL;

sql [2023-04-06 23:45:43] [DEBUG]: Executing (default): ALTER TABLE `t_points` CHANGE `createdAt` `createdAt` DATETIME NOT NULL;

sql [2023-04-06 23:45:43] [DEBUG]: Executing (default): ALTER TABLE `t_points` CHANGE `updatedAt` `updatedAt` DATETIME NOT NULL;

sql [2023-04-06 23:45:44] [DEBUG]: Executing (default): ALTER TABLE `t_points` CHANGE `deletedAt` `deletedAt` DATETIME;

sql [2023-04-06 23:45:44] [DEBUG]: Executing (default): ALTER TABLE `t_points` ADD FOREIGN KEY (`tUserId`) REFERENCES `t_users` (`id`) ON DELETE SET NULL ON UPDATE CASCADE;

sql [2023-04-06 23:45:45] [DEBUG]: Executing (default): ALTER TABLE `t_points` ADD FOREIGN KEY (`uId`) REFERENCES `t_users` (`id`) ON DELETE SET NULL ON UPDATE CASCADE;

sql [2023-04-06 23:45:46] [DEBUG]: Executing (default): SHOW INDEX FROM `t_points`

sql [2023-04-06 23:45:46] [DEBUG]: Executing (default): CREATE TABLE IF NOT EXISTS `t_collection_sell_manages` (`id` INTEGER NOT NULL auto_increment , `cId` VARCHAR(10) NOT NULL, `url` VARCHAR(255) NOT NULL, `circulation` INTEGER NOT NULL, `sumstock` INTEGER, `auther` VARCHAR(20) NOT NULL, `price` INTEGER NOT NULL, `limit_price` INTEGER NOT NULL, `sellTime` DATETIME, `isUpdate` TINYINT(1), `isBusiness` TINYINT(1), `createdAt` DATETIME NOT NULL, `updatedAt` DATETIME NOT NULL, `deletedAt` DATETIME, PRIMARY KEY (`id`)) ENGINE=InnoDB;

sql [2023-04-06 23:45:46] [DEBUG]: Executing (default): SHOW FULL COLUMNS FROM `t_collection_sell_manages`;

sql [2023-04-06 23:45:46] [DEBUG]: Executing (default): SELECT CONSTRAINT_NAME as constraint_name,CONSTRAINT_NAME as constraintName,CONSTRAINT_SCHEMA as constraintSchema,CONSTRAINT_SCHEMA as constraintCatalog,TABLE_NAME as tableName,TABLE_SCHEMA as tableSchema,TABLE_SCHEMA as tableCatalog,COLUMN_NAME as columnName,REFERENCED_TABLE_SCHEMA as referencedTableSchema,REFERENCED_TABLE_SCHEMA as referencedTableCatalog,REFERENCED_TABLE_NAME as referencedTableName,REFERENCED_COLUMN_NAME as referencedColumnName FROM INFORMATION_SCHEMA.KEY_COLUMN_USAGE where TABLE_NAME = 't_collection_sell_manages' AND CONSTRAINT_NAME!='PRIMARY' AND CONSTRAINT_SCHEMA='digitalCollection' AND REFERENCED_TABLE_NAME IS NOT NULL;

sql [2023-04-06 23:45:46] [DEBUG]: Executing (default): ALTER TABLE `t_collection_sell_manages` CHANGE `cId` `cId` VARCHAR(10) NOT NULL;

sql [2023-04-06 23:45:46] [DEBUG]: Executing (default): ALTER TABLE `t_collection_sell_manages` CHANGE `url` `url` VARCHAR(255) NOT NULL;

sql [2023-04-06 23:45:47] [DEBUG]: Executing (default): ALTER TABLE `t_collection_sell_manages` CHANGE `circulation` `circulation` INTEGER NOT NULL;

sql [2023-04-06 23:45:47] [DEBUG]: Executing (default): ALTER TABLE `t_collection_sell_manages` CHANGE `sumstock` `sumstock` INTEGER;

sql [2023-04-06 23:45:47] [DEBUG]: Executing (default): ALTER TABLE `t_collection_sell_manages` CHANGE `auther` `auther` VARCHAR(20) NOT NULL;

sql [2023-04-06 23:45:47] [DEBUG]: Executing (default): ALTER TABLE `t_collection_sell_manages` CHANGE `price` `price` INTEGER NOT NULL;

sql [2023-04-06 23:45:48] [DEBUG]: Executing (default): ALTER TABLE `t_collection_sell_manages` CHANGE `limit_price` `limit_price` INTEGER NOT NULL;

sql [2023-04-06 23:45:48] [DEBUG]: Executing (default): ALTER TABLE `t_collection_sell_manages` CHANGE `sellTime` `sellTime` DATETIME;

sql [2023-04-06 23:45:48] [DEBUG]: Executing (default): ALTER TABLE `t_collection_sell_manages` CHANGE `isUpdate` `isUpdate` TINYINT(1);

sql [2023-04-06 23:45:49] [DEBUG]: Executing (default): ALTER TABLE `t_collection_sell_manages` CHANGE `isBusiness` `isBusiness` TINYINT(1);

sql [2023-04-06 23:45:49] [DEBUG]: Executing (default): ALTER TABLE `t_collection_sell_manages` CHANGE `createdAt` `createdAt` DATETIME NOT NULL;

sql [2023-04-06 23:45:49] [DEBUG]: Executing (default): ALTER TABLE `t_collection_sell_manages` CHANGE `updatedAt` `updatedAt` DATETIME NOT NULL;

sql [2023-04-06 23:45:49] [DEBUG]: Executing (default): ALTER TABLE `t_collection_sell_manages` CHANGE `deletedAt` `deletedAt` DATETIME;

sql [2023-04-06 23:45:49] [DEBUG]: Executing (default): SHOW INDEX FROM `t_collection_sell_manages`

sql [2023-04-06 23:45:49] [DEBUG]: Executing (default): CREATE TABLE IF NOT EXISTS `t_collection_holdings` (`id` INTEGER NOT NULL auto_increment , `seri_num` VARCHAR(20) NOT NULL, `state` TINYINT(1) NOT NULL, `createdAt` DATETIME NOT NULL, `updatedAt` DATETIME NOT NULL, `deletedAt` DATETIME, `tCollectionSellManageId` INTEGER, `cId` INTEGER, `tUserId` INTEGER, `uId` INTEGER, PRIMARY KEY (`id`), FOREIGN KEY (`tCollectionSellManageId`) REFERENCES `t_collection_sell_manages` (`id`) ON DELETE SET NULL ON UPDATE CASCADE, FOREIGN KEY (`cId`) REFERENCES `t_collection_sell_manages` (`id`) ON DELETE SET NULL ON UPDATE CASCADE, FOREIGN KEY (`tUserId`) REFERENCES `t_users` (`id`) ON DELETE SET NULL ON UPDATE CASCADE, FOREIGN KEY (`uId`) REFERENCES `t_users` (`id`) ON DELETE SET NULL ON UPDATE CASCADE) ENGINE=InnoDB;

sql [2023-04-06 23:45:50] [DEBUG]: Executing (default): SHOW FULL COLUMNS FROM `t_collection_holdings`;

sql [2023-04-06 23:45:50] [DEBUG]: Executing (default): SELECT CONSTRAINT_NAME as constraint_name,CONSTRAINT_NAME as constraintName,CONSTRAINT_SCHEMA as constraintSchema,CONSTRAINT_SCHEMA as constraintCatalog,TABLE_NAME as tableName,TABLE_SCHEMA as tableSchema,TABLE_SCHEMA as tableCatalog,COLUMN_NAME as columnName,REFERENCED_TABLE_SCHEMA as referencedTableSchema,REFERENCED_TABLE_SCHEMA as referencedTableCatalog,REFERENCED_TABLE_NAME as referencedTableName,REFERENCED_COLUMN_NAME as referencedColumnName FROM INFORMATION_SCHEMA.KEY_COLUMN_USAGE where TABLE_NAME = 't_collection_holdings' AND CONSTRAINT_NAME!='PRIMARY' AND CONSTRAINT_SCHEMA='digitalCollection' AND REFERENCED_TABLE_NAME IS NOT NULL;

sql [2023-04-06 23:45:50] [DEBUG]: Executing (default): ALTER TABLE `t_collection_holdings` CHANGE `seri_num` `seri_num` VARCHAR(20) NOT NULL;

sql [2023-04-06 23:45:50] [DEBUG]: Executing (default): ALTER TABLE `t_collection_holdings` CHANGE `state` `state` TINYINT(1) NOT NULL;

sql [2023-04-06 23:45:50] [DEBUG]: Executing (default): ALTER TABLE `t_collection_holdings` CHANGE `createdAt` `createdAt` DATETIME NOT NULL;

sql [2023-04-06 23:45:50] [DEBUG]: Executing (default): ALTER TABLE `t_collection_holdings` CHANGE `updatedAt` `updatedAt` DATETIME NOT NULL;

sql [2023-04-06 23:45:50] [DEBUG]: Executing (default): ALTER TABLE `t_collection_holdings` CHANGE `deletedAt` `deletedAt` DATETIME;

sql [2023-04-06 23:45:50] [DEBUG]: Executing (default): ALTER TABLE `t_collection_holdings` ADD FOREIGN KEY (`tCollectionSellManageId`) REFERENCES `t_collection_sell_manages` (`id`) ON DELETE SET NULL ON UPDATE CASCADE;

sql [2023-04-06 23:45:52] [DEBUG]: Executing (default): ALTER TABLE `t_collection_holdings` ADD FOREIGN KEY (`cId`) REFERENCES `t_collection_sell_manages` (`id`) ON DELETE SET NULL ON UPDATE CASCADE;

sql [2023-04-06 23:45:53] [DEBUG]: Executing (default): ALTER TABLE `t_collection_holdings` ADD FOREIGN KEY (`tUserId`) REFERENCES `t_users` (`id`) ON DELETE SET NULL ON UPDATE CASCADE;

sql [2023-04-06 23:45:54] [DEBUG]: Executing (default): ALTER TABLE `t_collection_holdings` ADD FOREIGN KEY (`uId`) REFERENCES `t_users` (`id`) ON DELETE SET NULL ON UPDATE CASCADE;

sql [2023-04-06 23:45:56] [DEBUG]: Executing (default): SHOW INDEX FROM `t_collection_holdings`

sql [2023-04-06 23:45:56] [DEBUG]: Executing (default): CREATE TABLE IF NOT EXISTS `t_collection_sellings` (`id` CHAR(36) BINARY , `seri_num` VARCHAR(20) NOT NULL, `selling_state` TINYINT(1) NOT NULL, `selling_price` INTEGER NOT NULL, `lock_time` DATETIME NOT NULL, `createdAt` DATETIME NOT NULL, `updatedAt` DATETIME NOT NULL, `deletedAt` DATETIME, `tCollectionSellManageId` INTEGER, `cId` INTEGER, `tUserId` INTEGER, `uId` INTEGER, PRIMARY KEY (`id`), FOREIGN KEY (`tCollectionSellManageId`) REFERENCES `t_collection_sell_manages` (`id`) ON DELETE SET NULL ON UPDATE CASCADE, FOREIGN KEY (`cId`) REFERENCES `t_collection_sell_manages` (`id`) ON DELETE SET NULL ON UPDATE CASCADE, FOREIGN KEY (`tUserId`) REFERENCES `t_users` (`id`) ON DELETE SET NULL ON UPDATE CASCADE, FOREIGN KEY (`uId`) REFERENCES `t_users` (`id`) ON DELETE SET NULL ON UPDATE CASCADE) ENGINE=InnoDB;

sql [2023-04-06 23:45:56] [DEBUG]: Executing (default): SHOW FULL COLUMNS FROM `t_collection_sellings`;

sql [2023-04-06 23:45:56] [DEBUG]: Executing (default): SELECT CONSTRAINT_NAME as constraint_name,CONSTRAINT_NAME as constraintName,CONSTRAINT_SCHEMA as constraintSchema,CONSTRAINT_SCHEMA as constraintCatalog,TABLE_NAME as tableName,TABLE_SCHEMA as tableSchema,TABLE_SCHEMA as tableCatalog,COLUMN_NAME as columnName,REFERENCED_TABLE_SCHEMA as referencedTableSchema,REFERENCED_TABLE_SCHEMA as referencedTableCatalog,REFERENCED_TABLE_NAME as referencedTableName,REFERENCED_COLUMN_NAME as referencedColumnName FROM INFORMATION_SCHEMA.KEY_COLUMN_USAGE where TABLE_NAME = 't_collection_sellings' AND CONSTRAINT_NAME!='PRIMARY' AND CONSTRAINT_SCHEMA='digitalCollection' AND REFERENCED_TABLE_NAME IS NOT NULL;

sql [2023-04-06 23:45:57] [DEBUG]: Executing (default): ALTER TABLE `t_collection_sellings` CHANGE `seri_num` `seri_num` VARCHAR(20) NOT NULL;

sql [2023-04-06 23:45:57] [DEBUG]: Executing (default): ALTER TABLE `t_collection_sellings` CHANGE `selling_state` `selling_state` TINYINT(1) NOT NULL;

sql [2023-04-06 23:45:57] [DEBUG]: Executing (default): ALTER TABLE `t_collection_sellings` CHANGE `selling_price` `selling_price` INTEGER NOT NULL;

sql [2023-04-06 23:45:57] [DEBUG]: Executing (default): ALTER TABLE `t_collection_sellings` CHANGE `lock_time` `lock_time` DATETIME NOT NULL;

sql [2023-04-06 23:45:57] [DEBUG]: Executing (default): ALTER TABLE `t_collection_sellings` CHANGE `createdAt` `createdAt` DATETIME NOT NULL;

sql [2023-04-06 23:45:57] [DEBUG]: Executing (default): ALTER TABLE `t_collection_sellings` CHANGE `updatedAt` `updatedAt` DATETIME NOT NULL;

sql [2023-04-06 23:45:58] [DEBUG]: Executing (default): ALTER TABLE `t_collection_sellings` CHANGE `deletedAt` `deletedAt` DATETIME;

sql [2023-04-06 23:45:58] [DEBUG]: Executing (default): ALTER TABLE `t_collection_sellings` ADD FOREIGN KEY (`tCollectionSellManageId`) REFERENCES `t_collection_sell_manages` (`id`) ON DELETE SET NULL ON UPDATE CASCADE;

sql [2023-04-06 23:45:59] [DEBUG]: Executing (default): ALTER TABLE `t_collection_sellings` ADD FOREIGN KEY (`cId`) REFERENCES `t_collection_sell_manages` (`id`) ON DELETE SET NULL ON UPDATE CASCADE;

sql [2023-04-06 23:46:01] [DEBUG]: Executing (default): ALTER TABLE `t_collection_sellings` ADD FOREIGN KEY (`tUserId`) REFERENCES `t_users` (`id`) ON DELETE SET NULL ON UPDATE CASCADE;

sql [2023-04-06 23:46:03] [DEBUG]: Executing (default): ALTER TABLE `t_collection_sellings` ADD FOREIGN KEY (`uId`) REFERENCES `t_users` (`id`) ON DELETE SET NULL ON UPDATE CASCADE;

sql [2023-04-06 23:46:04] [DEBUG]: Executing (default): SHOW INDEX FROM `t_collection_sellings`

sql [2023-04-06 23:46:04] [DEBUG]: Executing (default): CREATE TABLE IF NOT EXISTS `t_order_lists` (`id` CHAR(36) BINARY , `sell_state` TINYINT(1) NOT NULL, `createdAt` DATETIME NOT NULL, `updatedAt` DATETIME NOT NULL, `deletedAt` DATETIME, `tCollectionSellingId` CHAR(36) BINARY, PRIMARY KEY (`id`), FOREIGN KEY (`tCollectionSellingId`) REFERENCES `t_collection_sellings` (`id`) ON DELETE SET NULL ON UPDATE CASCADE) ENGINE=InnoDB;

sql [2023-04-06 23:46:05] [DEBUG]: Executing (default): SHOW FULL COLUMNS FROM `t_order_lists`;

sql [2023-04-06 23:46:05] [DEBUG]: Executing (default): SELECT CONSTRAINT_NAME as constraint_name,CONSTRAINT_NAME as constraintName,CONSTRAINT_SCHEMA as constraintSchema,CONSTRAINT_SCHEMA as constraintCatalog,TABLE_NAME as tableName,TABLE_SCHEMA as tableSchema,TABLE_SCHEMA as tableCatalog,COLUMN_NAME as columnName,REFERENCED_TABLE_SCHEMA as referencedTableSchema,REFERENCED_TABLE_SCHEMA as referencedTableCatalog,REFERENCED_TABLE_NAME as referencedTableName,REFERENCED_COLUMN_NAME as referencedColumnName FROM INFORMATION_SCHEMA.KEY_COLUMN_USAGE where TABLE_NAME = 't_order_lists' AND CONSTRAINT_NAME!='PRIMARY' AND CONSTRAINT_SCHEMA='digitalCollection' AND REFERENCED_TABLE_NAME IS NOT NULL;

sql [2023-04-06 23:46:05] [DEBUG]: Executing (default): ALTER TABLE `t_order_lists` CHANGE `sell_state` `sell_state` TINYINT(1) NOT NULL;

sql [2023-04-06 23:46:05] [DEBUG]: Executing (default): ALTER TABLE `t_order_lists` CHANGE `createdAt` `createdAt` DATETIME NOT NULL;

sql [2023-04-06 23:46:05] [DEBUG]: Executing (default): ALTER TABLE `t_order_lists` CHANGE `updatedAt` `updatedAt` DATETIME NOT NULL;

sql [2023-04-06 23:46:05] [DEBUG]: Executing (default): ALTER TABLE `t_order_lists` CHANGE `deletedAt` `deletedAt` DATETIME;

sql [2023-04-06 23:46:05] [DEBUG]: Executing (default): ALTER TABLE `t_order_lists` ADD FOREIGN KEY (`tCollectionSellingId`) REFERENCES `t_collection_sellings` (`id`) ON DELETE SET NULL ON UPDATE CASCADE;

sql [2023-04-06 23:46:06] [DEBUG]: Executing (default): SHOW INDEX FROM `t_order_lists`

sql [2023-04-06 23:46:06] [DEBUG]: Executing (default): CREATE TABLE IF NOT EXISTS `t_admins` (`id` INTEGER NOT NULL auto_increment , `account` VARCHAR(11) NOT NULL, `pwd` VARCHAR(16) NOT NULL, `createdAt` DATETIME NOT NULL, `updatedAt` DATETIME NOT NULL, `deletedAt` DATETIME, PRIMARY KEY (`id`)) ENGINE=InnoDB;

sql [2023-04-06 23:46:06] [DEBUG]: Executing (default): SHOW FULL COLUMNS FROM `t_admins`;

sql [2023-04-06 23:46:06] [DEBUG]: Executing (default): SELECT CONSTRAINT_NAME as constraint_name,CONSTRAINT_NAME as constraintName,CONSTRAINT_SCHEMA as constraintSchema,CONSTRAINT_SCHEMA as constraintCatalog,TABLE_NAME as tableName,TABLE_SCHEMA as tableSchema,TABLE_SCHEMA as tableCatalog,COLUMN_NAME as columnName,REFERENCED_TABLE_SCHEMA as referencedTableSchema,REFERENCED_TABLE_SCHEMA as referencedTableCatalog,REFERENCED_TABLE_NAME as referencedTableName,REFERENCED_COLUMN_NAME as referencedColumnName FROM INFORMATION_SCHEMA.KEY_COLUMN_USAGE where TABLE_NAME = 't_admins' AND CONSTRAINT_NAME!='PRIMARY' AND CONSTRAINT_SCHEMA='digitalCollection' AND REFERENCED_TABLE_NAME IS NOT NULL;

sql [2023-04-06 23:46:06] [DEBUG]: Executing (default): ALTER TABLE `t_admins` CHANGE `account` `account` VARCHAR(11) NOT NULL;

sql [2023-04-06 23:46:07] [DEBUG]: Executing (default): ALTER TABLE `t_admins` CHANGE `pwd` `pwd` VARCHAR(16) NOT NULL;

sql [2023-04-06 23:46:07] [DEBUG]: Executing (default): ALTER TABLE `t_admins` CHANGE `createdAt` `createdAt` DATETIME NOT NULL;

sql [2023-04-06 23:46:07] [DEBUG]: Executing (default): ALTER TABLE `t_admins` CHANGE `updatedAt` `updatedAt` DATETIME NOT NULL;

sql [2023-04-06 23:46:07] [DEBUG]: Executing (default): ALTER TABLE `t_admins` CHANGE `deletedAt` `deletedAt` DATETIME;

sql [2023-04-06 23:46:07] [DEBUG]: Executing (default): SHOW INDEX FROM `t_admins`

sql [2023-04-06 23:46:07] [DEBUG]: Executing (default): CREATE TABLE IF NOT EXISTS `t_announcements` (`id` INTEGER NOT NULL auto_increment , `title` VARCHAR(255) NOT NULL, `content` LONGTEXT NOT NULL, `tag` VARCHAR(255) NOT NULL, `createdAt` DATETIME NOT NULL, `updatedAt` DATETIME NOT NULL, `deletedAt` DATETIME, PRIMARY KEY (`id`)) ENGINE=InnoDB;

sql [2023-04-06 23:46:08] [DEBUG]: Executing (default): SHOW FULL COLUMNS FROM `t_announcements`;

sql [2023-04-06 23:46:08] [DEBUG]: Executing (default): SELECT CONSTRAINT_NAME as constraint_name,CONSTRAINT_NAME as constraintName,CONSTRAINT_SCHEMA as constraintSchema,CONSTRAINT_SCHEMA as constraintCatalog,TABLE_NAME as tableName,TABLE_SCHEMA as tableSchema,TABLE_SCHEMA as tableCatalog,COLUMN_NAME as columnName,REFERENCED_TABLE_SCHEMA as referencedTableSchema,REFERENCED_TABLE_SCHEMA as referencedTableCatalog,REFERENCED_TABLE_NAME as referencedTableName,REFERENCED_COLUMN_NAME as referencedColumnName FROM INFORMATION_SCHEMA.KEY_COLUMN_USAGE where TABLE_NAME = 't_announcements' AND CONSTRAINT_NAME!='PRIMARY' AND CONSTRAINT_SCHEMA='digitalCollection' AND REFERENCED_TABLE_NAME IS NOT NULL;

sql [2023-04-06 23:46:08] [DEBUG]: Executing (default): ALTER TABLE `t_announcements` CHANGE `title` `title` VARCHAR(255) NOT NULL;

sql [2023-04-06 23:46:08] [DEBUG]: Executing (default): ALTER TABLE `t_announcements` CHANGE `content` `content` LONGTEXT NOT NULL;

sql [2023-04-06 23:46:08] [DEBUG]: Executing (default): ALTER TABLE `t_announcements` CHANGE `tag` `tag` VARCHAR(255) NOT NULL;

sql [2023-04-06 23:46:08] [DEBUG]: Executing (default): ALTER TABLE `t_announcements` CHANGE `createdAt` `createdAt` DATETIME NOT NULL;

sql [2023-04-06 23:46:08] [DEBUG]: Executing (default): ALTER TABLE `t_announcements` CHANGE `updatedAt` `updatedAt` DATETIME NOT NULL;

sql [2023-04-06 23:46:08] [DEBUG]: Executing (default): ALTER TABLE `t_announcements` CHANGE `deletedAt` `deletedAt` DATETIME;

sql [2023-04-06 23:46:08] [DEBUG]: Executing (default): SHOW INDEX FROM `t_announcements`

sql [2023-04-06 23:46:08] [DEBUG]: Executing (default): CREATE TABLE IF NOT EXISTS `t_swipers` (`id` INTEGER NOT NULL auto_increment , `url` VARCHAR(255) NOT NULL, `path` VARCHAR(255) NOT NULL, `isVisble` TINYINT(1) NOT NULL, `createdAt` DATETIME NOT NULL, `updatedAt` DATETIME NOT NULL, `deletedAt` DATETIME, PRIMARY KEY (`id`)) ENGINE=InnoDB;

sql [2023-04-06 23:46:09] [DEBUG]: Executing (default): SHOW FULL COLUMNS FROM `t_swipers`;

sql [2023-04-06 23:46:09] [DEBUG]: Executing (default): SELECT CONSTRAINT_NAME as constraint_name,CONSTRAINT_NAME as constraintName,CONSTRAINT_SCHEMA as constraintSchema,CONSTRAINT_SCHEMA as constraintCatalog,TABLE_NAME as tableName,TABLE_SCHEMA as tableSchema,TABLE_SCHEMA as tableCatalog,COLUMN_NAME as columnName,REFERENCED_TABLE_SCHEMA as referencedTableSchema,REFERENCED_TABLE_SCHEMA as referencedTableCatalog,REFERENCED_TABLE_NAME as referencedTableName,REFERENCED_COLUMN_NAME as referencedColumnName FROM INFORMATION_SCHEMA.KEY_COLUMN_USAGE where TABLE_NAME = 't_swipers' AND CONSTRAINT_NAME!='PRIMARY' AND CONSTRAINT_SCHEMA='digitalCollection' AND REFERENCED_TABLE_NAME IS NOT NULL;

sql [2023-04-06 23:46:09] [DEBUG]: Executing (default): ALTER TABLE `t_swipers` CHANGE `url` `url` VARCHAR(255) NOT NULL;

sql [2023-04-06 23:46:09] [DEBUG]: Executing (default): ALTER TABLE `t_swipers` CHANGE `path` `path` VARCHAR(255) NOT NULL;

sql [2023-04-06 23:46:09] [DEBUG]: Executing (default): ALTER TABLE `t_swipers` CHANGE `isVisble` `isVisble` TINYINT(1) NOT NULL;

sql [2023-04-06 23:46:09] [DEBUG]: Executing (default): ALTER TABLE `t_swipers` CHANGE `createdAt` `createdAt` DATETIME NOT NULL;

sql [2023-04-06 23:46:09] [DEBUG]: Executing (default): ALTER TABLE `t_swipers` CHANGE `updatedAt` `updatedAt` DATETIME NOT NULL;

sql [2023-04-06 23:46:09] [DEBUG]: Executing (default): ALTER TABLE `t_swipers` CHANGE `deletedAt` `deletedAt` DATETIME;

sql [2023-04-06 23:46:10] [DEBUG]: Executing (default): SHOW INDEX FROM `t_swipers`

